<?xml version="1.0" encoding="UTF-8" standalone="no"?>
<testsuites>
    <testsuite failures="2" name="My_/anything.req_7598e1b49a1a4636bfb0358efe63ef93" tests="4">
        <testcase classname="My_/anything.req_7598e1b49a1a4636bfb0358efe63ef93" name="Check if status is &lt;200&gt;"/>
        <testcase classname="My_/anything.req_7598e1b49a1a4636bfb0358efe63ef93" name="Check if status is &lt;500&gt;">
            <failure message="expected 200 to deeply equal 500"/>
        </testcase>
        <testcase classname="My_/anything.req_7598e1b49a1a4636bfb0358efe63ef93" name="Check content validity with &quot;json&quot; key"/>
        <testcase classname="My_/anything.req_7598e1b49a1a4636bfb0358efe63ef93" name="Check content validity with &quot;json2&quot; key">
            <failure message="expected { args: {}, …(8) } to have key 'json2'"/>
        </testcase>
    </testsuite>
    <testsuite failures="2" name="/uuid.req_9f40b2e33a054b89bf25a91262b49c71" tests="2">
        <testcase classname="/uuid.req_9f40b2e33a054b89bf25a91262b49c71" name="Check if status is 500">
            <failure message="insomnia2 is not defined"/>
        </testcase>
        <testcase classname="/uuid.req_9f40b2e33a054b89bf25a91262b49c71" name="Check if uuid is valid">
            <failure message="expected { Object (uuid) } to have property 'uuidXXX'"/>
        </testcase>
    </testsuite>
    <testsuite failures="1" name="/image.req_f9dc3a12931d44878929c0bcdf6cf643" tests="1">
        <system-err>Error: Couldn't resolve host name</system-err>
        <testcase classname="/image.req_f9dc3a12931d44878929c0bcdf6cf643" name="Check if status is 200">
            <failure message="Cannot read properties of undefined (reading 'code')"/>
        </testcase>
    </testsuite>
</testsuites>
