<?xml version="1.0" encoding="UTF-8" standalone="no"?>
<testsuites failed="0" tests="5" timestamp="2024-11-19T16:24:20">
    <testsuite failures="0" name="/uuid.req_328aa65514994e33a6287942f6dee874" tests="2">
        <testcase classname="/uuid.req_328aa65514994e33a6287942f6dee874" name="Check if status is 200"/>
        <testcase classname="/uuid.req_328aa65514994e33a6287942f6dee874" name="Check if uuid is valid"/>
    </testsuite>
    <testsuite failures="0" name="/image.req_93d29e2006d04e1796a15aa456dd6e68" tests="1">
        <testcase classname="/image.req_93d29e2006d04e1796a15aa456dd6e68" name="Check if status is 200"/>
    </testsuite>
    <testsuite failures="0" name="My /anything.req_f80d5f794ca54e9e99c558f4f64525fe" tests="2">
        <testcase classname="My /anything.req_f80d5f794ca54e9e99c558f4f64525fe" name="Check if status is 200"/>
        <testcase classname="My /anything.req_f80d5f794ca54e9e99c558f4f64525fe" name="Check content validity with 'json' key"/>
    </testsuite>
</testsuites>
